tar (child): 1.txt_29-12-2022.tar.gz: помилка у функції open: Відмовлено у доступі
tar (child): Error is not recoverable: exiting now
tar: Child returned status 2
tar: Error is not recoverable: exiting now
tar (child): 1.txt_29-12-2022.tar.gz: помилка у функції open: Відмовлено у доступі
tar (child): Error is not recoverable: exiting now
tar: Child returned status 2
tar: Error is not recoverable: exiting now
tar: tar (child): ./1.txt: помилка у функції open1.txt_29-12-2022.tar.gz: помилка у функції open: Відмовлено у доступі
: Відмовлено у доступі
tar (child): Error is not recoverable: exiting now
tar: Child returned status 2
tar: Error is not recoverable: exiting now
find: відсутній аргумент у `-exec'
tar: ./1.txt: помилка у функції opentar (child): : Відмовлено у доступі1.txt_29-12-2022.tar.gz: помилка у функції open
: Відмовлено у доступі
tar (child): Error is not recoverable: exiting now
tar: Child returned status 2
tar: Error is not recoverable: exiting now
find: відсутній аргумент у `-exec'
find: відсутній аргумент у `-exec'
find: відсутній аргумент у `-exec'
find: відсутній аргумент у `-exec'
find: відсутній аргумент у `-exec'
find: відсутній аргумент у `-exec'
tar: ./1.txt: помилка у функції open: Відмовлено у доступі
tar: Невдачне завершення внаслідок попередніх помилок
tar: ./1.txt: помилка у функції open: Відмовлено у доступі
tar: Невдачне завершення внаслідок попередніх помилок
